2025-07-05T21:39:19.471-05:00  INFO 37612 --- [nexo-suite] [restartedMain] c.websolutions.ns.NexoSuiteApplication   : Starting NexoSuiteApplication using Java 21.0.7 with PID 37612 (C:\Proyectos\Spring Boot Java\nexo-suite-back\target\classes started by USER in C:\Proyectos\Spring Boot Java\nexo-suite-back)
2025-07-05T21:39:19.489-05:00  INFO 37612 --- [nexo-suite] [restartedMain] c.websolutions.ns.NexoSuiteApplication   : No active profile set, falling back to 1 default profile: "default"
2025-07-05T21:39:19.596-05:00  INFO 37612 --- [nexo-suite] [restartedMain] .e.DevToolsPropertyDefaultsPostProcessor : Devtools property defaults active! Set 'spring.devtools.add-properties' to 'false' to disable
2025-07-05T21:39:19.596-05:00  INFO 37612 --- [nexo-suite] [restartedMain] .e.DevToolsPropertyDefaultsPostProcessor : For additional web related logging consider setting the 'logging.level.web' property to 'DEBUG'
2025-07-05T21:39:21.687-05:00  INFO 37612 --- [nexo-suite] [restartedMain] .s.d.r.c.RepositoryConfigurationDelegate : Bootstrapping Spring Data JPA repositories in DEFAULT mode.
2025-07-05T21:39:21.874-05:00  INFO 37612 --- [nexo-suite] [restartedMain] .s.d.r.c.RepositoryConfigurationDelegate : Finished Spring Data repository scanning in 153 ms. Found 1 JPA repository interface.
2025-07-05T21:39:23.406-05:00  INFO 37612 --- [nexo-suite] [restartedMain] o.s.b.w.embedded.tomcat.TomcatWebServer  : Tomcat initialized with port 5055 (http)
2025-07-05T21:39:23.453-05:00  INFO 37612 --- [nexo-suite] [restartedMain] o.apache.catalina.core.StandardService   : Starting service [Tomcat]
2025-07-05T21:39:23.453-05:00  INFO 37612 --- [nexo-suite] [restartedMain] o.apache.catalina.core.StandardEngine    : Starting Servlet engine: [Apache Tomcat/10.1.41]
2025-07-05T21:39:23.609-05:00  INFO 37612 --- [nexo-suite] [restartedMain] o.a.c.c.C.[Tomcat].[localhost].[/api]    : Initializing Spring embedded WebApplicationContext
2025-07-05T21:39:23.609-05:00  INFO 37612 --- [nexo-suite] [restartedMain] w.s.c.ServletWebServerApplicationContext : Root WebApplicationContext: initialization completed in 3998 ms
2025-07-05T21:39:25.189-05:00  WARN 37612 --- [nexo-suite] [restartedMain] org.hibernate.orm.deprecation            : HHH90000025: PostgreSQLDialect does not need to be specified explicitly using 'hibernate.dialect' (remove the property setting and it will be selected by default)
2025-07-05T21:39:25.898-05:00  INFO 37612 --- [nexo-suite] [restartedMain] o.s.o.j.p.SpringPersistenceUnitInfo      : No LoadTimeWeaver setup: ignoring JPA class transformer
2025-07-05T21:39:28.723-05:00  WARN 37612 --- [nexo-suite] [restartedMain] o.h.engine.jdbc.spi.SqlExceptionHelper   : SQL Warning Code: 0, SQLState: 00000
2025-07-05T21:39:28.723-05:00  WARN 37612 --- [nexo-suite] [restartedMain] o.h.engine.jdbc.spi.SqlExceptionHelper   : no existe la restricción «ukdwe0ot8ji7luqy2vip24dwsxr» en la relación «businesses», omitiendo
2025-07-05T21:39:28.739-05:00  WARN 37612 --- [nexo-suite] [restartedMain] o.h.engine.jdbc.spi.SqlExceptionHelper   : SQL Warning Code: 0, SQLState: 00000
2025-07-05T21:39:28.739-05:00  WARN 37612 --- [nexo-suite] [restartedMain] o.h.engine.jdbc.spi.SqlExceptionHelper   : no existe la restricción «uk60edly4hmi825f3yajw5gv406» en la relación «businesses», omitiendo
2025-07-05T21:39:28.739-05:00  WARN 37612 --- [nexo-suite] [restartedMain] o.h.engine.jdbc.spi.SqlExceptionHelper   : SQL Warning Code: 0, SQLState: 00000
2025-07-05T21:39:28.739-05:00  WARN 37612 --- [nexo-suite] [restartedMain] o.h.engine.jdbc.spi.SqlExceptionHelper   : no existe la restricción «ukhfh7sd933slhskydjqlo3015h» en la relación «identification_types», omitiendo
2025-07-05T21:39:28.754-05:00  WARN 37612 --- [nexo-suite] [restartedMain] o.h.engine.jdbc.spi.SqlExceptionHelper   : SQL Warning Code: 0, SQLState: 00000
2025-07-05T21:39:28.754-05:00  WARN 37612 --- [nexo-suite] [restartedMain] o.h.engine.jdbc.spi.SqlExceptionHelper   : no existe la restricción «ukdkjfgwk46n2o1s1et72lf7bi7» en la relación «identification_types», omitiendo
2025-07-05T21:39:28.770-05:00  WARN 37612 --- [nexo-suite] [restartedMain] o.h.engine.jdbc.spi.SqlExceptionHelper   : SQL Warning Code: 0, SQLState: 00000
2025-07-05T21:39:28.770-05:00  WARN 37612 --- [nexo-suite] [restartedMain] o.h.engine.jdbc.spi.SqlExceptionHelper   : no existe la restricción «ukk1m0mkj9jktqkvrf9eddu6v8f» en la relación «identification_types», omitiendo
2025-07-05T21:39:28.786-05:00  WARN 37612 --- [nexo-suite] [restartedMain] o.h.engine.jdbc.spi.SqlExceptionHelper   : SQL Warning Code: 0, SQLState: 00000
2025-07-05T21:39:28.786-05:00  WARN 37612 --- [nexo-suite] [restartedMain] o.h.engine.jdbc.spi.SqlExceptionHelper   : no existe la restricción «ukay5kte1qsmd8x1kefpd2rd42l» en la relación «identification_types», omitiendo
2025-07-05T21:39:28.786-05:00  WARN 37612 --- [nexo-suite] [restartedMain] o.h.engine.jdbc.spi.SqlExceptionHelper   : SQL Warning Code: 0, SQLState: 00000
2025-07-05T21:39:28.786-05:00  WARN 37612 --- [nexo-suite] [restartedMain] o.h.engine.jdbc.spi.SqlExceptionHelper   : no existe la restricción «ukhbmf35ai3m6bp1w4n1sevo47w» en la relación «person_types», omitiendo
2025-07-05T21:39:28.801-05:00  WARN 37612 --- [nexo-suite] [restartedMain] o.h.engine.jdbc.spi.SqlExceptionHelper   : SQL Warning Code: 0, SQLState: 00000
2025-07-05T21:39:28.801-05:00  WARN 37612 --- [nexo-suite] [restartedMain] o.h.engine.jdbc.spi.SqlExceptionHelper   : no existe la restricción «uklt3sy57mtj0ditd9d0bfjbwrm» en la relación «person_types», omitiendo
2025-07-05T21:39:28.843-05:00  INFO 37612 --- [nexo-suite] [restartedMain] j.LocalContainerEntityManagerFactoryBean : Initialized JPA EntityManagerFactory for persistence unit 'default'
2025-07-05T21:39:31.036-05:00  WARN 37612 --- [nexo-suite] [restartedMain] JpaBaseConfiguration$JpaWebConfiguration : spring.jpa.open-in-view is enabled by default. Therefore, database queries may be performed during view rendering. Explicitly configure spring.jpa.open-in-view to disable this warning
2025-07-05T21:39:32.346-05:00  INFO 37612 --- [nexo-suite] [restartedMain] o.s.b.d.a.OptionalLiveReloadServer       : LiveReload server is running on port 35729
2025-07-05T21:39:32.456-05:00  INFO 37612 --- [nexo-suite] [restartedMain] o.s.b.w.embedded.tomcat.TomcatWebServer  : Tomcat started on port 5055 (http) with context path '/api'
2025-07-05T21:39:32.487-05:00  INFO 37612 --- [nexo-suite] [restartedMain] c.websolutions.ns.NexoSuiteApplication   : Started NexoSuiteApplication in 14.425 seconds (process running for 15.52)
2025-07-05T21:44:20.535-05:00  INFO 37612 --- [nexo-suite] [SpringApplicationShutdownHook] o.s.b.w.e.tomcat.GracefulShutdown        : Commencing graceful shutdown. Waiting for active requests to complete
2025-07-05T21:44:20.564-05:00  INFO 37612 --- [nexo-suite] [tomcat-shutdown] o.s.b.w.e.tomcat.GracefulShutdown        : Graceful shutdown complete
2025-07-05T21:44:20.570-05:00  INFO 37612 --- [nexo-suite] [SpringApplicationShutdownHook] j.LocalContainerEntityManagerFactoryBean : Closing JPA EntityManagerFactory for persistence unit 'default'
2025-07-05T22:01:12.545-05:00  INFO 31940 --- [nexo-suite] [restartedMain] c.websolutions.ns.NexoSuiteApplication   : Starting NexoSuiteApplication using Java 21.0.7 with PID 31940 (C:\Proyectos\Spring Boot Java\nexo-suite-back\target\classes started by USER in C:\Proyectos\Spring Boot Java\nexo-suite-back)
2025-07-05T22:01:12.545-05:00  INFO 31940 --- [nexo-suite] [restartedMain] c.websolutions.ns.NexoSuiteApplication   : No active profile set, falling back to 1 default profile: "default"
2025-07-05T22:01:12.643-05:00  INFO 31940 --- [nexo-suite] [restartedMain] .e.DevToolsPropertyDefaultsPostProcessor : Devtools property defaults active! Set 'spring.devtools.add-properties' to 'false' to disable
2025-07-05T22:01:12.643-05:00  INFO 31940 --- [nexo-suite] [restartedMain] .e.DevToolsPropertyDefaultsPostProcessor : For additional web related logging consider setting the 'logging.level.web' property to 'DEBUG'
2025-07-05T22:01:14.481-05:00  INFO 31940 --- [nexo-suite] [restartedMain] .s.d.r.c.RepositoryConfigurationDelegate : Bootstrapping Spring Data JPA repositories in DEFAULT mode.
2025-07-05T22:01:14.621-05:00  INFO 31940 --- [nexo-suite] [restartedMain] .s.d.r.c.RepositoryConfigurationDelegate : Finished Spring Data repository scanning in 115 ms. Found 1 JPA repository interface.
2025-07-05T22:01:16.044-05:00  INFO 31940 --- [nexo-suite] [restartedMain] o.s.b.w.embedded.tomcat.TomcatWebServer  : Tomcat initialized with port 5055 (http)
2025-07-05T22:01:16.106-05:00  INFO 31940 --- [nexo-suite] [restartedMain] o.apache.catalina.core.StandardService   : Starting service [Tomcat]
2025-07-05T22:01:16.106-05:00  INFO 31940 --- [nexo-suite] [restartedMain] o.apache.catalina.core.StandardEngine    : Starting Servlet engine: [Apache Tomcat/10.1.41]
2025-07-05T22:01:16.263-05:00  INFO 31940 --- [nexo-suite] [restartedMain] o.a.c.c.C.[Tomcat].[localhost].[/api]    : Initializing Spring embedded WebApplicationContext
2025-07-05T22:01:16.263-05:00  INFO 31940 --- [nexo-suite] [restartedMain] w.s.c.ServletWebServerApplicationContext : Root WebApplicationContext: initialization completed in 3612 ms
2025-07-05T22:01:17.654-05:00  WARN 31940 --- [nexo-suite] [restartedMain] org.hibernate.orm.deprecation            : HHH90000025: PostgreSQLDialect does not need to be specified explicitly using 'hibernate.dialect' (remove the property setting and it will be selected by default)
2025-07-05T22:01:18.292-05:00  INFO 31940 --- [nexo-suite] [restartedMain] o.s.o.j.p.SpringPersistenceUnitInfo      : No LoadTimeWeaver setup: ignoring JPA class transformer
2025-07-05T22:01:21.567-05:00  WARN 31940 --- [nexo-suite] [restartedMain] o.h.engine.jdbc.spi.SqlExceptionHelper   : SQL Warning Code: 0, SQLState: 00000
2025-07-05T22:01:21.567-05:00  WARN 31940 --- [nexo-suite] [restartedMain] o.h.engine.jdbc.spi.SqlExceptionHelper   : no existe la restricción «ukmmxm1v9ejho8cyhd1xs01g0w8» en la relación «cities», omitiendo
2025-07-05T22:01:21.582-05:00  WARN 31940 --- [nexo-suite] [restartedMain] o.h.engine.jdbc.spi.SqlExceptionHelper   : SQL Warning Code: 0, SQLState: 00000
2025-07-05T22:01:21.582-05:00  WARN 31940 --- [nexo-suite] [restartedMain] o.h.engine.jdbc.spi.SqlExceptionHelper   : no existe la restricción «ukrlmpoah07xxtfr03pmosd593p» en la relación «cities», omitiendo
2025-07-05T22:01:21.593-05:00  WARN 31940 --- [nexo-suite] [restartedMain] o.h.engine.jdbc.spi.SqlExceptionHelper   : SQL Warning Code: 0, SQLState: 00000
2025-07-05T22:01:21.593-05:00  WARN 31940 --- [nexo-suite] [restartedMain] o.h.engine.jdbc.spi.SqlExceptionHelper   : no existe la restricción «ukpovow0l7ccr8ynkhnqym76aug» en la relación «countries», omitiendo
2025-07-05T22:01:21.606-05:00  WARN 31940 --- [nexo-suite] [restartedMain] o.h.engine.jdbc.spi.SqlExceptionHelper   : SQL Warning Code: 0, SQLState: 00000
2025-07-05T22:01:21.608-05:00  WARN 31940 --- [nexo-suite] [restartedMain] o.h.engine.jdbc.spi.SqlExceptionHelper   : no existe la restricción «uklx3r8cp4g7xkaqximbtxum74r» en la relación «countries», omitiendo
2025-07-05T22:01:21.616-05:00  WARN 31940 --- [nexo-suite] [restartedMain] o.h.engine.jdbc.spi.SqlExceptionHelper   : SQL Warning Code: 0, SQLState: 00000
2025-07-05T22:01:21.616-05:00  WARN 31940 --- [nexo-suite] [restartedMain] o.h.engine.jdbc.spi.SqlExceptionHelper   : no existe la restricción «ukr302wyetwdkatlgyovk6va40h» en la relación «countries», omitiendo
2025-07-05T22:01:21.631-05:00  WARN 31940 --- [nexo-suite] [restartedMain] o.h.engine.jdbc.spi.SqlExceptionHelper   : SQL Warning Code: 0, SQLState: 00000
2025-07-05T22:01:21.631-05:00  WARN 31940 --- [nexo-suite] [restartedMain] o.h.engine.jdbc.spi.SqlExceptionHelper   : no existe la restricción «uk89g8qie2y696a3tarmty43sq9» en la relación «departments», omitiendo
2025-07-05T22:01:21.640-05:00  WARN 31940 --- [nexo-suite] [restartedMain] o.h.engine.jdbc.spi.SqlExceptionHelper   : SQL Warning Code: 0, SQLState: 00000
2025-07-05T22:01:21.640-05:00  WARN 31940 --- [nexo-suite] [restartedMain] o.h.engine.jdbc.spi.SqlExceptionHelper   : no existe la restricción «ukqyf2ekbfpnddm6f3rkgt39i9o» en la relación «departments», omitiendo
2025-07-05T22:01:21.899-05:00  INFO 31940 --- [nexo-suite] [restartedMain] j.LocalContainerEntityManagerFactoryBean : Initialized JPA EntityManagerFactory for persistence unit 'default'
2025-07-05T22:01:23.109-05:00  WARN 31940 --- [nexo-suite] [restartedMain] JpaBaseConfiguration$JpaWebConfiguration : spring.jpa.open-in-view is enabled by default. Therefore, database queries may be performed during view rendering. Explicitly configure spring.jpa.open-in-view to disable this warning
2025-07-05T22:01:24.775-05:00  INFO 31940 --- [nexo-suite] [restartedMain] o.s.b.d.a.OptionalLiveReloadServer       : LiveReload server is running on port 35729
2025-07-05T22:01:24.937-05:00  INFO 31940 --- [nexo-suite] [restartedMain] o.s.b.w.embedded.tomcat.TomcatWebServer  : Tomcat started on port 5055 (http) with context path '/api'
2025-07-05T22:01:24.954-05:00  INFO 31940 --- [nexo-suite] [restartedMain] c.websolutions.ns.NexoSuiteApplication   : Started NexoSuiteApplication in 13.711 seconds (process running for 14.782)
2025-07-05T22:15:41.530-05:00  INFO 31940 --- [nexo-suite] [SpringApplicationShutdownHook] o.s.b.w.e.tomcat.GracefulShutdown        : Commencing graceful shutdown. Waiting for active requests to complete
2025-07-05T22:15:41.546-05:00  INFO 31940 --- [nexo-suite] [tomcat-shutdown] o.s.b.w.e.tomcat.GracefulShutdown        : Graceful shutdown complete
2025-07-05T22:15:41.562-05:00  INFO 31940 --- [nexo-suite] [SpringApplicationShutdownHook] j.LocalContainerEntityManagerFactoryBean : Closing JPA EntityManagerFactory for persistence unit 'default'
2025-07-05T22:16:05.849-05:00  INFO 22336 --- [nexo-suite] [restartedMain] c.websolutions.ns.NexoSuiteApplication   : Starting NexoSuiteApplication using Java 21.0.7 with PID 22336 (C:\Proyectos\Spring Boot Java\nexo-suite-back\target\classes started by USER in C:\Proyectos\Spring Boot Java\nexo-suite-back)
2025-07-05T22:16:05.865-05:00  INFO 22336 --- [nexo-suite] [restartedMain] c.websolutions.ns.NexoSuiteApplication   : No active profile set, falling back to 1 default profile: "default"
2025-07-05T22:16:05.980-05:00  INFO 22336 --- [nexo-suite] [restartedMain] .e.DevToolsPropertyDefaultsPostProcessor : Devtools property defaults active! Set 'spring.devtools.add-properties' to 'false' to disable
2025-07-05T22:16:05.980-05:00  INFO 22336 --- [nexo-suite] [restartedMain] .e.DevToolsPropertyDefaultsPostProcessor : For additional web related logging consider setting the 'logging.level.web' property to 'DEBUG'
2025-07-05T22:16:07.914-05:00  INFO 22336 --- [nexo-suite] [restartedMain] .s.d.r.c.RepositoryConfigurationDelegate : Bootstrapping Spring Data JPA repositories in DEFAULT mode.
2025-07-05T22:16:08.086-05:00  INFO 22336 --- [nexo-suite] [restartedMain] .s.d.r.c.RepositoryConfigurationDelegate : Finished Spring Data repository scanning in 139 ms. Found 1 JPA repository interface.
2025-07-05T22:16:09.555-05:00  INFO 22336 --- [nexo-suite] [restartedMain] o.s.b.w.embedded.tomcat.TomcatWebServer  : Tomcat initialized with port 5055 (http)
2025-07-05T22:16:09.633-05:00  INFO 22336 --- [nexo-suite] [restartedMain] o.apache.catalina.core.StandardService   : Starting service [Tomcat]
2025-07-05T22:16:09.633-05:00  INFO 22336 --- [nexo-suite] [restartedMain] o.apache.catalina.core.StandardEngine    : Starting Servlet engine: [Apache Tomcat/10.1.41]
2025-07-05T22:16:09.774-05:00  INFO 22336 --- [nexo-suite] [restartedMain] o.a.c.c.C.[Tomcat].[localhost].[/api]    : Initializing Spring embedded WebApplicationContext
2025-07-05T22:16:09.774-05:00  INFO 22336 --- [nexo-suite] [restartedMain] w.s.c.ServletWebServerApplicationContext : Root WebApplicationContext: initialization completed in 3794 ms
2025-07-05T22:16:11.291-05:00  WARN 22336 --- [nexo-suite] [restartedMain] org.hibernate.orm.deprecation            : HHH90000025: PostgreSQLDialect does not need to be specified explicitly using 'hibernate.dialect' (remove the property setting and it will be selected by default)
2025-07-05T22:16:11.936-05:00  INFO 22336 --- [nexo-suite] [restartedMain] o.s.o.j.p.SpringPersistenceUnitInfo      : No LoadTimeWeaver setup: ignoring JPA class transformer
2025-07-05T22:16:15.241-05:00  INFO 22336 --- [nexo-suite] [restartedMain] j.LocalContainerEntityManagerFactoryBean : Initialized JPA EntityManagerFactory for persistence unit 'default'
2025-07-05T22:16:16.275-05:00  WARN 22336 --- [nexo-suite] [restartedMain] JpaBaseConfiguration$JpaWebConfiguration : spring.jpa.open-in-view is enabled by default. Therefore, database queries may be performed during view rendering. Explicitly configure spring.jpa.open-in-view to disable this warning
2025-07-05T22:16:17.275-05:00  INFO 22336 --- [nexo-suite] [restartedMain] o.s.b.d.a.OptionalLiveReloadServer       : LiveReload server is running on port 35729
2025-07-05T22:16:17.385-05:00  INFO 22336 --- [nexo-suite] [restartedMain] o.s.b.w.embedded.tomcat.TomcatWebServer  : Tomcat started on port 5055 (http) with context path '/api'
2025-07-05T22:16:17.416-05:00  INFO 22336 --- [nexo-suite] [restartedMain] c.websolutions.ns.NexoSuiteApplication   : Started NexoSuiteApplication in 12.96 seconds (process running for 14.061)
2025-07-05T22:19:52.647-05:00  INFO 22336 --- [nexo-suite] [SpringApplicationShutdownHook] o.s.b.w.e.tomcat.GracefulShutdown        : Commencing graceful shutdown. Waiting for active requests to complete
2025-07-05T22:19:52.662-05:00  INFO 22336 --- [nexo-suite] [tomcat-shutdown] o.s.b.w.e.tomcat.GracefulShutdown        : Graceful shutdown complete
2025-07-05T22:19:52.678-05:00  INFO 22336 --- [nexo-suite] [SpringApplicationShutdownHook] j.LocalContainerEntityManagerFactoryBean : Closing JPA EntityManagerFactory for persistence unit 'default'
2025-07-05T22:20:14.780-05:00  INFO 34352 --- [nexo-suite] [restartedMain] c.websolutions.ns.NexoSuiteApplication   : Starting NexoSuiteApplication using Java 21.0.7 with PID 34352 (C:\Proyectos\Spring Boot Java\nexo-suite-back\target\classes started by USER in C:\Proyectos\Spring Boot Java\nexo-suite-back)
2025-07-05T22:20:14.791-05:00  INFO 34352 --- [nexo-suite] [restartedMain] c.websolutions.ns.NexoSuiteApplication   : No active profile set, falling back to 1 default profile: "default"
2025-07-05T22:20:14.875-05:00  INFO 34352 --- [nexo-suite] [restartedMain] .e.DevToolsPropertyDefaultsPostProcessor : Devtools property defaults active! Set 'spring.devtools.add-properties' to 'false' to disable
2025-07-05T22:20:14.875-05:00  INFO 34352 --- [nexo-suite] [restartedMain] .e.DevToolsPropertyDefaultsPostProcessor : For additional web related logging consider setting the 'logging.level.web' property to 'DEBUG'
2025-07-05T22:20:16.721-05:00  INFO 34352 --- [nexo-suite] [restartedMain] .s.d.r.c.RepositoryConfigurationDelegate : Bootstrapping Spring Data JPA repositories in DEFAULT mode.
2025-07-05T22:20:16.861-05:00  INFO 34352 --- [nexo-suite] [restartedMain] .s.d.r.c.RepositoryConfigurationDelegate : Finished Spring Data repository scanning in 117 ms. Found 1 JPA repository interface.
2025-07-05T22:20:18.175-05:00  INFO 34352 --- [nexo-suite] [restartedMain] o.s.b.w.embedded.tomcat.TomcatWebServer  : Tomcat initialized with port 5055 (http)
2025-07-05T22:20:18.206-05:00  INFO 34352 --- [nexo-suite] [restartedMain] o.apache.catalina.core.StandardService   : Starting service [Tomcat]
2025-07-05T22:20:18.206-05:00  INFO 34352 --- [nexo-suite] [restartedMain] o.apache.catalina.core.StandardEngine    : Starting Servlet engine: [Apache Tomcat/10.1.41]
2025-07-05T22:20:18.331-05:00  INFO 34352 --- [nexo-suite] [restartedMain] o.a.c.c.C.[Tomcat].[localhost].[/api]    : Initializing Spring embedded WebApplicationContext
2025-07-05T22:20:18.347-05:00  INFO 34352 --- [nexo-suite] [restartedMain] w.s.c.ServletWebServerApplicationContext : Root WebApplicationContext: initialization completed in 3461 ms
2025-07-05T22:20:19.724-05:00  WARN 34352 --- [nexo-suite] [restartedMain] org.hibernate.orm.deprecation            : HHH90000025: PostgreSQLDialect does not need to be specified explicitly using 'hibernate.dialect' (remove the property setting and it will be selected by default)
2025-07-05T22:20:20.328-05:00  INFO 34352 --- [nexo-suite] [restartedMain] o.s.o.j.p.SpringPersistenceUnitInfo      : No LoadTimeWeaver setup: ignoring JPA class transformer
2025-07-05T22:20:23.561-05:00  INFO 34352 --- [nexo-suite] [restartedMain] j.LocalContainerEntityManagerFactoryBean : Initialized JPA EntityManagerFactory for persistence unit 'default'
2025-07-05T22:20:24.515-05:00  WARN 34352 --- [nexo-suite] [restartedMain] JpaBaseConfiguration$JpaWebConfiguration : spring.jpa.open-in-view is enabled by default. Therefore, database queries may be performed during view rendering. Explicitly configure spring.jpa.open-in-view to disable this warning
2025-07-05T22:20:25.484-05:00  INFO 34352 --- [nexo-suite] [restartedMain] o.s.b.d.a.OptionalLiveReloadServer       : LiveReload server is running on port 35729
2025-07-05T22:20:25.546-05:00  INFO 34352 --- [nexo-suite] [restartedMain] o.s.b.w.embedded.tomcat.TomcatWebServer  : Tomcat started on port 5055 (http) with context path '/api'
2025-07-05T22:20:25.578-05:00  INFO 34352 --- [nexo-suite] [restartedMain] c.websolutions.ns.NexoSuiteApplication   : Started NexoSuiteApplication in 12.09 seconds (process running for 13.178)
2025-07-05T22:26:24.933-05:00  INFO 34352 --- [nexo-suite] [SpringApplicationShutdownHook] o.s.b.w.e.tomcat.GracefulShutdown        : Commencing graceful shutdown. Waiting for active requests to complete
2025-07-05T22:26:24.952-05:00  INFO 34352 --- [nexo-suite] [tomcat-shutdown] o.s.b.w.e.tomcat.GracefulShutdown        : Graceful shutdown complete
2025-07-05T22:26:24.960-05:00  INFO 34352 --- [nexo-suite] [SpringApplicationShutdownHook] j.LocalContainerEntityManagerFactoryBean : Closing JPA EntityManagerFactory for persistence unit 'default'
2025-07-05T22:27:01.397-05:00  INFO 37468 --- [nexo-suite] [restartedMain] c.websolutions.ns.NexoSuiteApplication   : Starting NexoSuiteApplication using Java 21.0.7 with PID 37468 (C:\Proyectos\Spring Boot Java\nexo-suite-back\target\classes started by USER in C:\Proyectos\Spring Boot Java\nexo-suite-back)
2025-07-05T22:27:01.405-05:00  INFO 37468 --- [nexo-suite] [restartedMain] c.websolutions.ns.NexoSuiteApplication   : No active profile set, falling back to 1 default profile: "default"
2025-07-05T22:27:01.534-05:00  INFO 37468 --- [nexo-suite] [restartedMain] .e.DevToolsPropertyDefaultsPostProcessor : Devtools property defaults active! Set 'spring.devtools.add-properties' to 'false' to disable
2025-07-05T22:27:01.542-05:00  INFO 37468 --- [nexo-suite] [restartedMain] .e.DevToolsPropertyDefaultsPostProcessor : For additional web related logging consider setting the 'logging.level.web' property to 'DEBUG'
2025-07-05T22:27:03.778-05:00  INFO 37468 --- [nexo-suite] [restartedMain] .s.d.r.c.RepositoryConfigurationDelegate : Bootstrapping Spring Data JPA repositories in DEFAULT mode.
2025-07-05T22:27:03.930-05:00  INFO 37468 --- [nexo-suite] [restartedMain] .s.d.r.c.RepositoryConfigurationDelegate : Finished Spring Data repository scanning in 135 ms. Found 1 JPA repository interface.
2025-07-05T22:27:05.331-05:00  INFO 37468 --- [nexo-suite] [restartedMain] o.s.b.w.embedded.tomcat.TomcatWebServer  : Tomcat initialized with port 5055 (http)
2025-07-05T22:27:05.377-05:00  INFO 37468 --- [nexo-suite] [restartedMain] o.apache.catalina.core.StandardService   : Starting service [Tomcat]
2025-07-05T22:27:05.377-05:00  INFO 37468 --- [nexo-suite] [restartedMain] o.apache.catalina.core.StandardEngine    : Starting Servlet engine: [Apache Tomcat/10.1.41]
2025-07-05T22:27:05.526-05:00  INFO 37468 --- [nexo-suite] [restartedMain] o.a.c.c.C.[Tomcat].[localhost].[/api]    : Initializing Spring embedded WebApplicationContext
2025-07-05T22:27:05.526-05:00  INFO 37468 --- [nexo-suite] [restartedMain] w.s.c.ServletWebServerApplicationContext : Root WebApplicationContext: initialization completed in 3927 ms
2025-07-05T22:27:07.141-05:00  WARN 37468 --- [nexo-suite] [restartedMain] org.hibernate.orm.deprecation            : HHH90000025: PostgreSQLDialect does not need to be specified explicitly using 'hibernate.dialect' (remove the property setting and it will be selected by default)
2025-07-05T22:27:08.265-05:00  INFO 37468 --- [nexo-suite] [restartedMain] o.s.o.j.p.SpringPersistenceUnitInfo      : No LoadTimeWeaver setup: ignoring JPA class transformer
2025-07-05T22:27:11.644-05:00  INFO 37468 --- [nexo-suite] [restartedMain] j.LocalContainerEntityManagerFactoryBean : Initialized JPA EntityManagerFactory for persistence unit 'default'
2025-07-05T22:27:12.671-05:00  WARN 37468 --- [nexo-suite] [restartedMain] JpaBaseConfiguration$JpaWebConfiguration : spring.jpa.open-in-view is enabled by default. Therefore, database queries may be performed during view rendering. Explicitly configure spring.jpa.open-in-view to disable this warning
2025-07-05T22:27:13.868-05:00  INFO 37468 --- [nexo-suite] [restartedMain] o.s.b.d.a.OptionalLiveReloadServer       : LiveReload server is running on port 35729
2025-07-05T22:27:13.952-05:00  INFO 37468 --- [nexo-suite] [restartedMain] o.s.b.w.embedded.tomcat.TomcatWebServer  : Tomcat started on port 5055 (http) with context path '/api'
2025-07-05T22:27:13.970-05:00  INFO 37468 --- [nexo-suite] [restartedMain] c.websolutions.ns.NexoSuiteApplication   : Started NexoSuiteApplication in 13.944 seconds (process running for 15.159)
2025-07-05T22:31:10.851-05:00  INFO 37468 --- [nexo-suite] [SpringApplicationShutdownHook] o.s.b.w.e.tomcat.GracefulShutdown        : Commencing graceful shutdown. Waiting for active requests to complete
2025-07-05T22:31:10.869-05:00  INFO 37468 --- [nexo-suite] [tomcat-shutdown] o.s.b.w.e.tomcat.GracefulShutdown        : Graceful shutdown complete
2025-07-05T22:31:10.877-05:00  INFO 37468 --- [nexo-suite] [SpringApplicationShutdownHook] j.LocalContainerEntityManagerFactoryBean : Closing JPA EntityManagerFactory for persistence unit 'default'
2025-07-05T22:31:37.342-05:00  INFO 33904 --- [nexo-suite] [restartedMain] c.websolutions.ns.NexoSuiteApplication   : Starting NexoSuiteApplication using Java 21.0.7 with PID 33904 (C:\Proyectos\Spring Boot Java\nexo-suite-back\target\classes started by USER in C:\Proyectos\Spring Boot Java\nexo-suite-back)
2025-07-05T22:31:37.350-05:00  INFO 33904 --- [nexo-suite] [restartedMain] c.websolutions.ns.NexoSuiteApplication   : No active profile set, falling back to 1 default profile: "default"
2025-07-05T22:31:37.444-05:00  INFO 33904 --- [nexo-suite] [restartedMain] .e.DevToolsPropertyDefaultsPostProcessor : Devtools property defaults active! Set 'spring.devtools.add-properties' to 'false' to disable
2025-07-05T22:31:37.444-05:00  INFO 33904 --- [nexo-suite] [restartedMain] .e.DevToolsPropertyDefaultsPostProcessor : For additional web related logging consider setting the 'logging.level.web' property to 'DEBUG'
2025-07-05T22:31:39.459-05:00  INFO 33904 --- [nexo-suite] [restartedMain] .s.d.r.c.RepositoryConfigurationDelegate : Bootstrapping Spring Data JPA repositories in DEFAULT mode.
2025-07-05T22:31:39.622-05:00  INFO 33904 --- [nexo-suite] [restartedMain] .s.d.r.c.RepositoryConfigurationDelegate : Finished Spring Data repository scanning in 146 ms. Found 1 JPA repository interface.
2025-07-05T22:31:41.121-05:00  INFO 33904 --- [nexo-suite] [restartedMain] o.s.b.w.embedded.tomcat.TomcatWebServer  : Tomcat initialized with port 5055 (http)
2025-07-05T22:31:41.155-05:00  INFO 33904 --- [nexo-suite] [restartedMain] o.apache.catalina.core.StandardService   : Starting service [Tomcat]
2025-07-05T22:31:41.155-05:00  INFO 33904 --- [nexo-suite] [restartedMain] o.apache.catalina.core.StandardEngine    : Starting Servlet engine: [Apache Tomcat/10.1.41]
2025-07-05T22:31:41.304-05:00  INFO 33904 --- [nexo-suite] [restartedMain] o.a.c.c.C.[Tomcat].[localhost].[/api]    : Initializing Spring embedded WebApplicationContext
2025-07-05T22:31:41.304-05:00  INFO 33904 --- [nexo-suite] [restartedMain] w.s.c.ServletWebServerApplicationContext : Root WebApplicationContext: initialization completed in 3860 ms
2025-07-05T22:31:42.819-05:00  WARN 33904 --- [nexo-suite] [restartedMain] org.hibernate.orm.deprecation            : HHH90000025: PostgreSQLDialect does not need to be specified explicitly using 'hibernate.dialect' (remove the property setting and it will be selected by default)
2025-07-05T22:31:43.435-05:00  INFO 33904 --- [nexo-suite] [restartedMain] o.s.o.j.p.SpringPersistenceUnitInfo      : No LoadTimeWeaver setup: ignoring JPA class transformer
2025-07-05T22:31:46.873-05:00  INFO 33904 --- [nexo-suite] [restartedMain] j.LocalContainerEntityManagerFactoryBean : Initialized JPA EntityManagerFactory for persistence unit 'default'
2025-07-05T22:31:48.088-05:00  WARN 33904 --- [nexo-suite] [restartedMain] JpaBaseConfiguration$JpaWebConfiguration : spring.jpa.open-in-view is enabled by default. Therefore, database queries may be performed during view rendering. Explicitly configure spring.jpa.open-in-view to disable this warning
2025-07-05T22:31:49.313-05:00  INFO 33904 --- [nexo-suite] [restartedMain] o.s.b.d.a.OptionalLiveReloadServer       : LiveReload server is running on port 35729
2025-07-05T22:31:49.396-05:00  INFO 33904 --- [nexo-suite] [restartedMain] o.s.b.w.embedded.tomcat.TomcatWebServer  : Tomcat started on port 5055 (http) with context path '/api'
2025-07-05T22:31:49.413-05:00  INFO 33904 --- [nexo-suite] [restartedMain] c.websolutions.ns.NexoSuiteApplication   : Started NexoSuiteApplication in 13.486 seconds (process running for 14.591)
2025-07-05T22:42:38.554-05:00  INFO 33904 --- [nexo-suite] [SpringApplicationShutdownHook] o.s.b.w.e.tomcat.GracefulShutdown        : Commencing graceful shutdown. Waiting for active requests to complete
2025-07-05T22:42:38.570-05:00  INFO 33904 --- [nexo-suite] [tomcat-shutdown] o.s.b.w.e.tomcat.GracefulShutdown        : Graceful shutdown complete
2025-07-05T22:42:38.585-05:00  INFO 33904 --- [nexo-suite] [SpringApplicationShutdownHook] j.LocalContainerEntityManagerFactoryBean : Closing JPA EntityManagerFactory for persistence unit 'default'
